[0mGET / [36m304[0m 102.295 ms - -[0m
[0mGET / [36m304[0m 101.358 ms - -[0m
[0mGET / [36m304[0m 74.749 ms - -[0m
[0mGET /users/sign-out [36m302[0m 15.404 ms - 46[0m
[0mGET / [32m200[0m 53.797 ms - 9412[0m
[0mGET /users/sign-in [36m304[0m 9.053 ms - -[0m
[0mPOST /users/createSession [36m302[0m 4.061 ms - 46[0m
[0mGET / [32m200[0m 49.006 ms - 13310[0m
[0mGET / [32m200[0m 104.146 ms - 13042[0m
[0mGET / [32m200[0m 92.144 ms - 12909[0m
[0mGET / [36m304[0m 89.275 ms - -[0m
[0mGET / [36m304[0m 94.609 ms - -[0m
[0mGET / [36m304[0m 79.155 ms - -[0m
[0mGET / [36m304[0m 74.252 ms - -[0m
[0mGET / [31m500[0m 89.195 ms - 2543[0m
[0mGET / [31m500[0m 88.628 ms - 2542[0m
[0mGET / [31m500[0m 83.615 ms - 2542[0m
[0mGET / [32m200[0m 89.029 ms - 12638[0m
[0mGET / [36m304[0m 66.708 ms - -[0m
[0mPOST /likes/toggle/?id=5f8bcd595fcadb1cb0349c71&type=Post [32m200[0m 34.776 ms - 58[0m
[0mPOST /likes/toggle/?id=5f8bcd595fcadb1cb0349c71&type=Post [32m200[0m 19.554 ms - 57[0m
[0mPOST /likes/toggle/?id=5f8bcd595fcadb1cb0349c71&type=Post [32m200[0m 22.747 ms - 58[0m
[0mPOST /likes/toggle/?id=5f8bcd595fcadb1cb0349c71&type=Post [32m200[0m 19.359 ms - 57[0m
[0mPOST /likes/toggle/?id=5f8bcd595fcadb1cb0349c71&type=Post [32m200[0m 31.544 ms - 58[0m
[0mPOST /likes/toggle/?id=5f8bcd595fcadb1cb0349c71&type=Post [32m200[0m 15.779 ms - 57[0m
[0mPOST /likes/toggle/?id=5f8bcd595fcadb1cb0349c71&type=Post [32m200[0m 17.836 ms - 58[0m
[0mPOST /likes/toggle/?id=5f8bcd595fcadb1cb0349c71&type=Post [32m200[0m 15.315 ms - 57[0m
[0mPOST /likes/toggle/?id=5f8bcd595fcadb1cb0349c71&type=Post [32m200[0m 16.715 ms - 58[0m
[0mPOST /likes/toggle/?id=5f8bcd595fcadb1cb0349c71&type=Post [32m200[0m 15.016 ms - 57[0m
[0mGET / [36m304[0m 50.995 ms - -[0m
[0mGET / [36m304[0m 52.989 ms - -[0m
[0mGET / [36m304[0m 41.475 ms - -[0m
[0mGET / [36m304[0m 43.642 ms - -[0m
[0mGET / [36m304[0m 47.149 ms - -[0m
[0mGET / [36m304[0m 42.434 ms - -[0m
[0mGET / [36m304[0m 36.536 ms - -[0m
[0mGET / [36m304[0m 32.719 ms - -[0m
[0mGET / [36m304[0m 45.586 ms - -[0m
[0mGET / [36m304[0m 37.478 ms - -[0m
[0mGET / [36m304[0m 32.737 ms - -[0m
[0mGET / [36m304[0m 29.042 ms - -[0m
[0mGET / [36m304[0m 36.025 ms - -[0m
[0mGET /posts/destroy/5f912570ba307369984736c0 [36m302[0m 17.204 ms - 88[0m
[0mGET / [32m200[0m 20.366 ms - 11605[0m
[0mPOST /likes/toggle/?id=5f8bcd595fcadb1cb0349c71&type=Post [32m200[0m 17.513 ms - 58[0m
[0mPOST /likes/toggle/?id=5f8bcd595fcadb1cb0349c71&type=Post [32m200[0m 12.530 ms - 57[0m
[0mGET /users/sign-out [36m302[0m 5.632 ms - 46[0m
[0mGET / [32m200[0m 24.994 ms - 8295[0m
[0mGET /users/sign-in [32m200[0m 7.045 ms - 2132[0m
[0mGET /users/css/header.css [33m404[0m 6.143 ms - 159[0m
[0mGET /users/css/footer.css [33m404[0m 6.811 ms - 159[0m
[0mGET /users/css/chat_box.css [33m404[0m 10.240 ms - 161[0m
[0mGET /users/css/layout.css [33m404[0m 7.032 ms - 159[0m
[0mPOST /users/createSession [36m302[0m 3.454 ms - 46[0m
[0mGET / [32m200[0m 21.063 ms - 11689[0m
[0mGET /posts/destroy/5f8bcd595fcadb1cb0349c71 [36m302[0m 13.481 ms - 88[0m
[0mGET / [32m200[0m 11.273 ms - 4320[0m
[0mPOST /posts/create [36m302[0m 8.676 ms - 88[0m
[0mGET / [32m200[0m 15.057 ms - 5560[0m
[0mGET /users/sign-out [36m302[0m 8.041 ms - 46[0m
[0mGET / [32m200[0m 15.415 ms - 3849[0m
[0mGET /users/sign-in [36m304[0m 9.257 ms - -[0m
[0mGET /users/css/layout.css [33m404[0m 4.851 ms - 159[0m
[0mGET /users/css/header.css [33m404[0m 4.968 ms - 159[0m
[0mGET /users/css/footer.css [33m404[0m 8.872 ms - 159[0m
[0mGET /users/css/chat_box.css [33m404[0m 11.155 ms - 161[0m
[0mGET /users/sign-in [36m304[0m 10.740 ms - -[0m
[0mGET /users/css/layout.css [33m404[0m 8.588 ms - 159[0m
[0mGET /users/css/header.css [33m404[0m 8.486 ms - 159[0m
[0mGET /users/css/footer.css [33m404[0m 13.731 ms - 159[0m
[0mGET /users/css/chat_box.css [33m404[0m 5.199 ms - 161[0m
[0mGET /users/sign-in [36m304[0m 48.269 ms - -[0m
[0mGET /users/css/layout.css [33m404[0m 8.652 ms - 159[0m
[0mGET /users/css/chat_box.css [33m404[0m 5.028 ms - 161[0m
[0mGET /users/css/footer.css [33m404[0m 10.938 ms - 159[0m
[0mGET /users/css/header.css [33m404[0m 8.760 ms - 159[0m
[0mGET /users/auth/google [36m302[0m 9.519 ms - 0[0m
[0mGET /users/auth/google/callback?code=4%2F0AY0e-g6yxWCWvphQOwN3FnfFomEZDwrdlhvLjfSeiYjo8BK1tb2luCJg0G4kYetD7be45g&scope=email+profile+https%3A%2F%2Fwww.googleapis.com%2Fauth%2Fuserinfo.email+openid+https%3A%2F%2Fwww.googleapis.com%2Fauth%2Fuserinfo.profile&authuser=0&prompt=none [0m-[0m - ms - -[0m
[0mGET / [32m200[0m 114.537 ms - 3632[0m
[0mGET /users/sign-in [36m304[0m 9.254 ms - -[0m
[0mGET /users/css/header.css [33m404[0m 13.784 ms - 159[0m
[0mGET /users/css/layout.css [33m404[0m 8.129 ms - 159[0m
[0mGET /users/css/footer.css [33m404[0m 15.300 ms - 159[0m
[0mGET /users/css/chat_box.css [33m404[0m 26.256 ms - 161[0m
[0mGET /users/sign-in [36m304[0m 22.384 ms - -[0m
[0mGET /users/css/layout.css [33m404[0m 14.014 ms - 159[0m
[0mGET /users/css/footer.css [33m404[0m 25.445 ms - 159[0m
[0mGET /users/css/header.css [33m404[0m 19.709 ms - 159[0m
[0mGET /users/css/chat_box.css [33m404[0m 26.537 ms - 161[0m
[0mGET /users/sign-in [32m200[0m 10.678 ms - 2128[0m
[0mGET /users/css/layout.css [33m404[0m 5.761 ms - 159[0m
[0mGET /users/css/header.css [33m404[0m 30.619 ms - 159[0m
[0mGET /users/css/footer.css [33m404[0m 3.903 ms - 159[0m
[0mGET /users/css/chat_box.css [33m404[0m 10.138 ms - 161[0m
[0mGET /users/sign-in [36m304[0m 9.557 ms - -[0m
[0mGET /users/css/layout.css [33m404[0m 4.218 ms - 159[0m
[0mGET /users/css/header.css [33m404[0m 13.340 ms - 159[0m
[0mGET /users/css/footer.css [33m404[0m 10.604 ms - 159[0m
[0mGET /users/css/chat_box.css [33m404[0m 10.816 ms - 161[0m
[0mGET /users/css/layout.css [33m404[0m 13.054 ms - 159[0m
[0mGET /users/css/header.css [33m404[0m 10.995 ms - 159[0m
[0mGET /users/css/footer.css [33m404[0m 9.158 ms - 159[0m
[0mGET /users/css/chat_box.css [33m404[0m 17.273 ms - 161[0m
[0mGET /users/sign-in [36m304[0m 7.653 ms - -[0m
[0mGET /users/css/layout.css [33m404[0m 27.041 ms - 159[0m
[0mGET /users/css/header.css [33m404[0m 7.005 ms - 159[0m
[0mGET /users/css/footer.css [33m404[0m 15.004 ms - 159[0m
[0mGET /users/css/chat_box.css [33m404[0m 4.395 ms - 161[0m
[0mGET / [32m200[0m 42.852 ms - 3628[0m
[0mGET /users/sign-in [36m304[0m 7.412 ms - -[0m
[0mGET /users/css/layout.css [33m404[0m 11.341 ms - 159[0m
[0mGET /users/css/header.css [33m404[0m 11.389 ms - 159[0m
[0mGET /users/css/footer.css [33m404[0m 12.740 ms - 159[0m
[0mGET /users/css/chat_box.css [33m404[0m 14.004 ms - 161[0m
[0mGET /users/sign-in [36m304[0m 3.662 ms - -[0m
[0mGET /users/css/layout.css [33m404[0m 14.251 ms - 159[0m
[0mGET /users/css/header.css [33m404[0m 17.350 ms - 159[0m
[0mGET /users/css/footer.css [33m404[0m 19.911 ms - 159[0m
[0mGET /users/css/chat_box.css [33m404[0m 5.878 ms - 161[0m
[0mGET /users/sign-in [36m304[0m 5.621 ms - -[0m
[0mGET /users/css/layout.css [33m404[0m 8.208 ms - 159[0m
[0mGET /users/css/header.css [33m404[0m 7.780 ms - 159[0m
[0mGET /users/css/footer.css [33m404[0m 14.983 ms - 159[0m
[0mGET /users/css/chat_box.css [33m404[0m 13.013 ms - 161[0m
[0mGET /users/sign-in [36m304[0m 23.766 ms - -[0m
[0mGET /users/css/layout.css [33m404[0m 11.973 ms - 159[0m
[0mGET /users/css/header.css [33m404[0m 38.401 ms - 159[0m
[0mGET /users/css/footer.css [33m404[0m 16.970 ms - 159[0m
[0mGET /users/css/chat_box.css [33m404[0m 21.078 ms - 161[0m
[0mGET /users/sign-in [36m304[0m 27.624 ms - -[0m
[0mGET /users/css/layout.css [33m404[0m 10.984 ms - 159[0m
[0mGET /users/css/header.css [33m404[0m 20.286 ms - 159[0m
[0mGET /users/css/footer.css [33m404[0m 14.504 ms - 159[0m
[0mGET /users/css/chat_box.css [33m404[0m 20.279 ms - 161[0m
[0mGET /users/css/layout.css [33m404[0m 34.987 ms - 159[0m
[0mGET /users/css/header.css [33m404[0m 11.832 ms - 159[0m
[0mGET /users/css/footer.css [33m404[0m 11.734 ms - 159[0m
[0mGET /users/css/chat_box.css [33m404[0m 13.520 ms - 161[0m
[0mGET /users/sign-in [32m200[0m 32.250 ms - 2124[0m
[0mGET /users/css/layout.css [33m404[0m 18.901 ms - 159[0m
[0mGET /users/css/header.css [33m404[0m 35.764 ms - 159[0m
[0mGET /users/css/footer.css [33m404[0m 43.055 ms - 159[0m
[0mGET /users/css/chat_box.css [33m404[0m 17.443 ms - 161[0m
[0mGET / [32m200[0m 84.610 ms - 3624[0m
[0mGET /favicon.ico [33m404[0m 7.481 ms - 150[0m
[0mGET /users/sign-in [36m304[0m 13.196 ms - -[0m
[0mGET /users/css/layout.css [33m404[0m 22.875 ms - 159[0m
[0mGET /users/css/header.css [33m404[0m 9.765 ms - 159[0m
[0mGET /users/css/footer.css [33m404[0m 16.257 ms - 159[0m
[0mGET /users/css/chat_box.css [33m404[0m 22.169 ms - 161[0m
[0mGET /users/sign-up [32m200[0m 7.849 ms - 2284[0m
[0mGET /users/css/layout.css [33m404[0m 4.057 ms - 159[0m
[0mGET /users/css/header.css [33m404[0m 15.060 ms - 159[0m
[0mGET /users/css/chat_box.css [33m404[0m 13.111 ms - 161[0m
[0mGET /users/css/footer.css [33m404[0m 9.500 ms - 159[0m
[0mGET /users/sign-in [36m304[0m 9.470 ms - -[0m
[0mGET /users/css/layout.css [33m404[0m 10.384 ms - 159[0m
[0mGET /users/css/header.css [33m404[0m 8.897 ms - 159[0m
[0mGET /users/css/footer.css [33m404[0m 12.454 ms - 159[0m
[0mGET /users/css/chat_box.css [33m404[0m 12.358 ms - 161[0m
[0mGET / [36m304[0m 66.149 ms - -[0m
[0mGET / [36m304[0m 114.203 ms - -[0m
[0mGET /favicon.ico [33m404[0m 13.000 ms - 150[0m
[0mGET /users/sign-in [36m304[0m 23.323 ms - -[0m
[0mGET /users/css/layout.css [33m404[0m 5.231 ms - 159[0m
[0mGET /users/css/header.css [33m404[0m 8.883 ms - 159[0m
[0mGET /users/css/chat_box.css [33m404[0m 24.795 ms - 161[0m
[0mGET /users/css/footer.css [33m404[0m 17.152 ms - 159[0m
[0mGET /users/css/layout.css [33m404[0m 28.468 ms - 159[0m
[0mGET /users/css/header.css [33m404[0m 18.211 ms - 159[0m
[0mGET /users/css/footer.css [33m404[0m 17.284 ms - 159[0m
[0mGET /users/css/chat_box.css [33m404[0m 11.603 ms - 161[0m
[0mGET / [36m304[0m 40.129 ms - -[0m
[0mGET / [36m304[0m 32.405 ms - -[0m
[0mGET /users/css/layout.css [33m404[0m 21.657 ms - 159[0m
[0mGET /users/css/header.css [33m404[0m 26.578 ms - 159[0m
[0mGET /users/css/footer.css [33m404[0m 6.561 ms - 159[0m
[0mGET /users/sign-in [36m304[0m 24.850 ms - -[0m
[0mGET /users/css/layout.css [33m404[0m 23.376 ms - 159[0m
[0mGET /users/css/header.css [33m404[0m 35.755 ms - 159[0m
[0mGET /users/css/footer.css [33m404[0m 17.021 ms - 159[0m
[0mGET /users/css/chat_box.css [33m404[0m 19.857 ms - 161[0m
[0mGET /users/sign-in [32m200[0m 62.526 ms - 2128[0m
[0mGET / [32m200[0m 71.166 ms - 3628[0m
[0mGET /users/sign-in [36m304[0m 6.779 ms - -[0m
[0mPOST /users/createSession [36m302[0m 13.254 ms - 46[0m
[0mGET / [32m200[0m 22.883 ms - 5468[0m
[0mGET / [32m200[0m 22.019 ms - 5248[0m
[0mGET / [36m304[0m 27.595 ms - -[0m
[0mGET / [36m304[0m 25.745 ms - -[0m
[0mGET / [36m304[0m 24.742 ms - -[0m
[0mGET / [36m304[0m 22.965 ms - -[0m
